<?xml version="1.0" encoding="UTF-8"?>
<!-- Generated by org.testng.reporters.JUnitReportReporter -->
<testsuite skipped="1" hostname="LAPTOP-Q3VD0TQR" name="testing.AnnotationsClass3" tests="3" failures="0" timestamp="2021-02-23T22:30:32 IST" time="0.010" errors="0">
  <testcase name="test2" time="0.010" classname="testing.AnnotationsClass3"/>
  <system-out/>
  <testcase name="test1" time="0.000" classname="testing.AnnotationsClass3"/>
  <system-out/>
  <testcase name="test3" classname="testing.AnnotationsClass3">
    <skipped/>
  </testcase> <!-- test3 -->
  <system-out/>
</testsuite> <!-- testing.AnnotationsClass3 -->
