<?xml version="1.0" encoding="UTF-8"?>
<!-- Generated by org.testng.reporters.JUnitReportReporter -->
<testsuite skipped="0" hostname="LAPTOP-Q3VD0TQR" name="achievements.DBErrors" tests="4" failures="0" timestamp="2021-02-24T22:00:42 IST" time="0.010" errors="0">
  <testcase name="test1" time="0.002" classname="achievements.DBErrors"/>
  <system-out/>
  <testcase name="test2" time="0.002" classname="achievements.DBErrors"/>
  <system-out/>
  <testcase name="test3" time="0.002" classname="achievements.DBErrors"/>
  <system-out/>
  <testcase name="achievements_saveAchievemnts_userInitiated" time="0.004" classname="achievements.DBErrors"/>
  <system-out/>
</testsuite> <!-- achievements.DBErrors -->
