<?xml version="1.0" encoding="UTF-8"?>
<!-- Generated by org.testng.reporters.JUnitReportReporter -->
<testsuite skipped="0" hostname="LAPTOP-Q3VD0TQR" name="freeGames.CashOffers" tests="3" failures="0" timestamp="2021-02-24T22:00:42 IST" time="0.009" errors="0">
  <testcase name="test2" time="0.004" classname="freeGames.CashOffers"/>
  <system-out/>
  <testcase name="test3" time="0.003" classname="freeGames.CashOffers"/>
  <system-out/>
  <testcase name="test1" time="0.002" classname="freeGames.CashOffers"/>
  <system-out/>
</testsuite> <!-- freeGames.CashOffers -->
